{"action":"user_deleted","level":"info","message":"User action","metadata":{"targetUserEmail":"khang@gmail.com","targetUserId":"68ee5350b3dab92c86259dd9"},"service":"eduwallet-backend","timestamp":"2025-10-14 21:54:32","userId":"68ee204b7bdf0252dad34962"}
{"action":"user_deleted","level":"info","message":"User action","metadata":{"targetUserEmail":"khang@gmail.com","targetUserId":"68ee5350b3dab92c86259dd9"},"service":"eduwallet-backend","timestamp":"2025-10-14 21:54:35","userId":"68ee204b7bdf0252dad34962"}
{"level":"info","message":"Blockchain service initialized","service":"eduwallet-backend","timestamp":"2025-10-26 00:42:40"}
{"level":"info","message":"Blockchain service initialized","service":"eduwallet-backend","timestamp":"2025-10-26 00:47:14"}
{"actionType":"portfolio_mint","level":"info","message":"Logging blockchain transaction","meta":{"ipfsHash":"bafkreih3s2cy3dpaulmxn3tzxuymayfnvrcf2ked5kqqwem5y62fauevlu","metadata":{},"metadataURI":"ipfs://bafkreidmkqo4e43lgqpf7tmsr6tgsdiqmyecggfumt7oo53hf2zjhsg6oy","to":"0x34ABc2b061f0d6c24c0786863Cbbd1dAdf7A1c89","tokenId":"16","userId":"68ecef57f2d3ddc8fd99e5be"},"service":"eduwallet-backend","timestamp":"2025-10-26 00:52:19","txHash":"0xee7e855dbda3e49db7a4a563d1413f35cd0b68a3324d18a1951e93148fcc5306"}
{"id":"68fd0e537ace9566bba4e275","level":"info","message":"Blockchain transaction persisted","service":"eduwallet-backend","timestamp":"2025-10-26 00:52:19"}
{"actionType":"portfolio_mint","level":"info","message":"Logging blockchain transaction","meta":{"ipfsHash":"bafkreiftysy6vu75zl4nqmm4grremszxhpl6jfdvt726paa7bpz43ywm5q","metadata":{},"metadataURI":"ipfs://bafkreiab3vhqfjbwofiykxopngnvghjdof5tq2qw3debhdc5eikklunfzy","to":"0x34ABc2b061f0d6c24c0786863Cbbd1dAdf7A1c89","tokenId":"17","userId":"68ecef57f2d3ddc8fd99e5be"},"service":"eduwallet-backend","timestamp":"2025-10-26 02:16:00","txHash":"0xc2b14c989b1764099a09fb320baedbc4826f6077b109c42375f8706a8bc06eb4"}
{"id":"68fd21f07ace9566bba4e27b","level":"info","message":"Blockchain transaction persisted","service":"eduwallet-backend","timestamp":"2025-10-26 02:16:00"}
{"level":"info","message":"Blockchain service initialized","service":"eduwallet-backend","timestamp":"2025-10-26 02:16:18"}
{"actionType":"portfolio_mint","level":"info","message":"Logging blockchain transaction","meta":{"ipfsHash":"bafkreiarnjp5qen3nrzr6v3bgyjtglkriuelfirvszoemlkqgxghd2cboa","metadata":{},"metadataURI":"ipfs://bafkreihetg3mbwn7qz4su2f47xegk6i6w3zs6qcevddu5l7chjwil5mvnq","to":"0x34ABc2b061f0d6c24c0786863Cbbd1dAdf7A1c89","tokenId":"18","userId":"68ecef57f2d3ddc8fd99e5be"},"service":"eduwallet-backend","timestamp":"2025-10-26 02:19:56","txHash":"0x33cdc6cd81a3430e502b788cf355403fc3e263dee7f4d80664d912bdab02ce40"}
{"id":"68fd22dc96475b96efb47699","level":"info","message":"Blockchain transaction persisted","service":"eduwallet-backend","timestamp":"2025-10-26 02:19:56"}
{"actionType":"portfolio_mint","level":"info","message":"Logging blockchain transaction","meta":{"ipfsHash":"bafkreihjd5wxv5q45z55twnlb7fy4hkjhknmmrk4njvsnzxe6cdaisfdgu","metadata":{},"metadataURI":"ipfs://bafkreiatkxsauiqn6lqcj4hzlklphwol4tcftdarbv3rayu4ri44qg2mdu","to":"0x34ABc2b061f0d6c24c0786863Cbbd1dAdf7A1c89","tokenId":"19","userId":"68ecef57f2d3ddc8fd99e5be"},"service":"eduwallet-backend","timestamp":"2025-10-26 02:21:50","txHash":"0x9980f9f06dc198d8e360d33e7d63a2106e2c351b24d5e7aea03e2246783b41ff"}
{"id":"68fd234e96475b96efb476a8","level":"info","message":"Blockchain transaction persisted","service":"eduwallet-backend","timestamp":"2025-10-26 02:21:50"}
{"actionType":"portfolio_mint","level":"info","message":"Logging blockchain transaction","meta":{"ipfsHash":"bafkreidn2gxsajzrvz7yaymbzf42dca7tnjqpp3czjhiqfnip5xyovjf3i","metadata":{},"metadataURI":"ipfs://bafkreicd75zqvdyovjitohi56sdvpni66shavhqqqmutj2fnbeljied544","to":"0x34ABc2b061f0d6c24c0786863Cbbd1dAdf7A1c89","tokenId":"20","userId":"68ecef57f2d3ddc8fd99e5be"},"service":"eduwallet-backend","timestamp":"2025-10-26 02:58:22","txHash":"0x1a634bc7c91691a442bb218e0ef2a5321a1a182af8cdfa70403be9570af11df5"}
{"id":"68fd2bde96475b96efb476b5","level":"info","message":"Blockchain transaction persisted","service":"eduwallet-backend","timestamp":"2025-10-26 02:58:22"}
{"level":"info","message":"Blockchain service initialized","service":"eduwallet-backend","timestamp":"2025-10-26 03:05:47"}
{"actionType":"portfolio_mint","level":"info","message":"Logging blockchain transaction","meta":{"ipfsHash":"bafkreiaapqq4pwbyskix6xq34zvmbqqqp6zviq7lr3m56v3zj5qlxsganq","metadata":{},"metadataURI":"ipfs://bafkreihbymd6srxgnzf6667zziujrty7lmw42qkvnk6dezg5nwmaimrlem","to":"0x34ABc2b061f0d6c24c0786863Cbbd1dAdf7A1c89","tokenId":"21","userId":"68ecef57f2d3ddc8fd99e5be"},"service":"eduwallet-backend","timestamp":"2025-10-26 03:23:23","txHash":"0xca42852e7370ca05555863c8112a37d503e02b88aa10e56f9bd66e7e869d639f"}
{"id":"68fd31bb0faf0284a592a01d","level":"info","message":"Blockchain transaction persisted","service":"eduwallet-backend","timestamp":"2025-10-26 03:23:23"}
{"actionType":"portfolio_mint","level":"info","message":"Logging blockchain transaction","meta":{"ipfsHash":"bafkreiaoaggy3x7ot5am4g4kjefif3kzdwh5zgeo4h2ck42wrwve3tbi54","metadata":{},"metadataURI":"ipfs://bafkreieovkyyizgn3xkognqvdriylt3a7ywladpft6zgm4gqkypnffox3q","to":"0x34ABc2b061f0d6c24c0786863Cbbd1dAdf7A1c89","tokenId":"22","userId":"68ecef57f2d3ddc8fd99e5be"},"service":"eduwallet-backend","timestamp":"2025-10-26 03:53:33","txHash":"0x9c2a3c2ef6e95bcea336cd1e189126753e871676befa9972f97bb6c30ad694fb"}
{"id":"68fd38cd0faf0284a592a03b","level":"info","message":"Blockchain transaction persisted","service":"eduwallet-backend","timestamp":"2025-10-26 03:53:33"}
{"level":"info","message":"Blockchain service initialized","service":"eduwallet-backend","timestamp":"2025-10-26 04:10:04"}
{"level":"info","message":"Blockchain service initialized","service":"eduwallet-backend","timestamp":"2025-10-26 15:39:31"}
{"action":"admin_wallet_updated","level":"info","message":"User action","metadata":{"address":"0x892bbe86273480372c68b0c1fdec642efbc61ce8"},"service":"eduwallet-backend","timestamp":"2025-10-26 15:40:42","userId":"68ecef57f2d3ddc8fd99e5be"}
{"error":"ActivityLog validation failed: actionType: `admin_wallet_updated` is not a valid enum value for path `actionType`.","level":"error","message":"Failed to save activity log to database","service":"eduwallet-backend","timestamp":"2025-10-26 15:40:42"}
{"actionType":"deposit_points","level":"info","message":"Logging blockchain transaction","meta":{"amount":"0.1","to":"0x892bbe86273480372c68b0c1fdec642efbc61ce8","userId":"68ecef57f2d3ddc8fd99e5be"},"service":"eduwallet-backend","timestamp":"2025-10-26 15:42:02","txHash":"0x504f0eb55e624ac49ca6ed034e8e5198abe72c263c33e75dafb38dec64c30e53"}
{"id":"68fddedaef3aadb583938ee1","level":"info","message":"Blockchain transaction persisted","service":"eduwallet-backend","timestamp":"2025-10-26 15:42:02"}
{"level":"info","message":"Blockchain service initialized","service":"eduwallet-backend","timestamp":"2025-10-26 16:35:49"}
{"action":"admin_wallet_updated","level":"info","message":"User action","metadata":{"address":"0x892bbe86273480372c68b0c1fdec642efbc61ce8"},"service":"eduwallet-backend","timestamp":"2025-10-26 16:40:19","userId":"68ecef57f2d3ddc8fd99e5be"}
{"error":"ActivityLog validation failed: actionType: `admin_wallet_updated` is not a valid enum value for path `actionType`.","level":"error","message":"Failed to save activity log to database","service":"eduwallet-backend","timestamp":"2025-10-26 16:40:19"}
{"actionType":"deposit_points","level":"info","message":"Logging blockchain transaction","meta":{"amount":"0.1","to":"0x892bbe86273480372c68b0c1fdec642efbc61ce8","userId":"68ecef57f2d3ddc8fd99e5be"},"service":"eduwallet-backend","timestamp":"2025-10-26 16:41:03","txHash":"0x5fef10ef55f6d93e410beb8c845ff20523122b3622bceba3aef9386d7f2f0cb0"}
{"id":"68fdecafa258aa02c4c04639","level":"info","message":"Blockchain transaction persisted","service":"eduwallet-backend","timestamp":"2025-10-26 16:41:03"}
{"actionType":"portfolio_mint","level":"info","message":"Logging blockchain transaction","meta":{"ipfsHash":"bafkreiepew7txbuwb2hiyybhjvyxxnkw2od4s3oreg2pge22hpfsjcxuq4","metadata":{},"metadataURI":"ipfs://bafkreiacq4az4f4kzydy7mjw32qkhzu3rg2tngly764cxgjsuoxpwl64gq","to":"0x34ABc2b061f0d6c24c0786863Cbbd1dAdf7A1c89","tokenId":"23","userId":"68ecef57f2d3ddc8fd99e5be"},"service":"eduwallet-backend","timestamp":"2025-10-26 19:47:01","txHash":"0x2b286acfba8aa9755e7f54acb0ce23f820516ba1e5da3156c518e12fa197658d"}
{"id":"68fe1845a258aa02c4c04653","level":"info","message":"Blockchain transaction persisted","service":"eduwallet-backend","timestamp":"2025-10-26 19:47:01"}
{"actionType":"deposit_points","level":"info","message":"Logging blockchain transaction","meta":{"amount":"0.1","to":"0x892bbe86273480372c68b0c1fdec642efbc61ce8","userId":"68ecef57f2d3ddc8fd99e5be"},"service":"eduwallet-backend","timestamp":"2025-10-26 19:50:43","txHash":"0x0c48faa881ed5579c23ba42fc9684c13ec2dcc4a0b7adac882ffd5fac00bed9c"}
{"id":"68fe1923a258aa02c4c04664","level":"info","message":"Blockchain transaction persisted","service":"eduwallet-backend","timestamp":"2025-10-26 19:50:43"}
{"actionType":"deposit_points","level":"info","message":"Logging blockchain transaction","meta":{"amount":"0.1","to":"0x892bbe86273480372c68b0c1fdec642efbc61ce8","userId":"68ecef57f2d3ddc8fd99e5be"},"service":"eduwallet-backend","timestamp":"2025-10-26 19:53:24","txHash":"0xad3a124f70b7cb440e5e2bebd9c9ea73a8c3c1d82f9259f3b22d3b3dc031c246"}
{"id":"68fe19c4a258aa02c4c04667","level":"info","message":"Blockchain transaction persisted","service":"eduwallet-backend","timestamp":"2025-10-26 19:53:24"}
{"actionType":"deposit_points","level":"info","message":"Logging blockchain transaction","meta":{"amount":"0.1","to":"0x892bbe86273480372c68b0c1fdec642efbc61ce8","userId":"68ecef57f2d3ddc8fd99e5be"},"service":"eduwallet-backend","timestamp":"2025-10-26 20:05:15","txHash":"0x29162dcaad50fae6456bb93ad6718177647a3206e338cb5c7e8da6072e5564a0"}
{"id":"68fe1c8ba258aa02c4c0466a","level":"info","message":"Blockchain transaction persisted","service":"eduwallet-backend","timestamp":"2025-10-26 20:05:15"}
{"actionType":"deposit_points","level":"info","message":"Logging blockchain transaction","meta":{"amount":"0.1","to":"0x892bbe86273480372c68b0c1fdec642efbc61ce8","userId":"68ecef57f2d3ddc8fd99e5be"},"service":"eduwallet-backend","timestamp":"2025-10-26 20:11:23","txHash":"0xec16d46ad2ad558ef76cbaa683525b620b0a387075909ad81796d7e747904cdd"}
{"id":"68fe1dfba258aa02c4c0466d","level":"info","message":"Blockchain transaction persisted","service":"eduwallet-backend","timestamp":"2025-10-26 20:11:23"}
{"level":"info","message":"Blockchain service initialized","service":"eduwallet-backend","timestamp":"2025-10-27 22:45:47"}
{"level":"info","message":"Blockchain service initialized","service":"eduwallet-backend","timestamp":"2025-10-27 23:45:35"}
{"level":"info","message":"Blockchain service initialized","service":"eduwallet-backend","timestamp":"2025-10-28 09:25:57"}
{"level":"info","message":"Blockchain service initialized","service":"eduwallet-backend","timestamp":"2025-10-28 10:29:59"}
{"level":"info","message":"Blockchain service initialized","service":"eduwallet-backend","timestamp":"2025-10-28 10:40:51"}
{"level":"info","message":"Blockchain service initialized","service":"eduwallet-backend","timestamp":"2025-10-28 11:07:18"}
{"level":"info","message":"Blockchain service initialized","service":"eduwallet-backend","timestamp":"2025-10-28 13:05:35"}
{"level":"info","message":"Blockchain service initialized","service":"eduwallet-backend","timestamp":"2025-10-28 13:24:00"}
{"level":"info","message":"Blockchain service initialized","service":"eduwallet-backend","timestamp":"2025-10-28 20:44:16"}
{"level":"info","message":"Blockchain service initialized","service":"eduwallet-backend","timestamp":"2025-10-28 20:45:19"}
{"level":"info","message":"Blockchain service initialized","service":"eduwallet-backend","timestamp":"2025-10-28 20:57:26"}
{"level":"info","message":"Blockchain service initialized","service":"eduwallet-backend","timestamp":"2025-10-28 20:57:33"}
{"level":"info","message":"Blockchain service initialized","service":"eduwallet-backend","timestamp":"2025-10-28 21:35:28"}
{"level":"info","message":"Blockchain service initialized","service":"eduwallet-backend","timestamp":"2025-10-28 21:45:49"}
{"level":"info","message":"Blockchain service initialized","service":"eduwallet-backend","timestamp":"2025-10-28 22:10:25"}
{"level":"info","message":"Blockchain service initialized","service":"eduwallet-backend","timestamp":"2025-10-28 22:14:58"}
{"level":"info","message":"Blockchain service initialized","service":"eduwallet-backend","timestamp":"2025-10-28 22:18:42"}
{"level":"info","message":"Blockchain service initialized","service":"eduwallet-backend","timestamp":"2025-10-28 22:19:55"}
{"level":"info","message":"Blockchain service initialized","service":"eduwallet-backend","timestamp":"2025-10-28 22:25:32"}
{"level":"info","message":"Blockchain service initialized","service":"eduwallet-backend","timestamp":"2025-10-29 00:22:35"}
{"level":"info","message":"Blockchain service initialized","service":"eduwallet-backend","timestamp":"2025-10-29 00:26:38"}
{"level":"info","message":"Blockchain service initialized","service":"eduwallet-backend","timestamp":"2025-10-29 01:30:29"}
{"level":"info","message":"Blockchain service initialized","service":"eduwallet-backend","timestamp":"2025-10-29 02:20:17"}
{"level":"info","message":"Blockchain service initialized","service":"eduwallet-backend","timestamp":"2025-10-29 02:50:02"}
{"level":"info","message":"Blockchain service initialized","service":"eduwallet-backend","timestamp":"2025-10-29 02:56:51"}
{"level":"info","message":"Blockchain service initialized","service":"eduwallet-backend","timestamp":"2025-10-29 02:59:10"}
{"level":"info","message":"Blockchain service initialized","service":"eduwallet-backend","timestamp":"2025-10-29 01:36:32"}
{"level":"info","message":"Blockchain service initialized","service":"eduwallet-backend","timestamp":"2025-10-29 01:50:25"}
{"level":"info","message":"Blockchain service initialized","service":"eduwallet-backend","timestamp":"2025-10-29 02:01:15"}
{"level":"info","message":"Blockchain service initialized","service":"eduwallet-backend","timestamp":"2025-10-29 02:01:17"}
{"level":"info","message":"Blockchain service initialized","service":"eduwallet-backend","timestamp":"2025-10-29 02:11:52"}
{"level":"info","message":"Blockchain service initialized","service":"eduwallet-backend","timestamp":"2025-10-29 02:16:18"}
{"level":"info","message":"Blockchain service initialized","service":"eduwallet-backend","timestamp":"2025-10-29 02:16:50"}
{"level":"info","message":"Blockchain service initialized","service":"eduwallet-backend","timestamp":"2025-10-29 02:20:59"}
{"level":"info","message":"Blockchain service initialized","service":"eduwallet-backend","timestamp":"2025-10-29 02:27:20"}
{"level":"info","message":"Blockchain service initialized","service":"eduwallet-backend","timestamp":"2025-10-29 02:28:48"}
{"level":"info","message":"Blockchain service initialized","service":"eduwallet-backend","timestamp":"2025-10-29 02:31:48"}
{"level":"info","message":"Blockchain service initialized","service":"eduwallet-backend","timestamp":"2025-10-29 02:37:07"}
{"level":"info","message":"Blockchain service initialized","service":"eduwallet-backend","timestamp":"2025-10-29 02:46:51"}
{"level":"info","message":"Blockchain service initialized","service":"eduwallet-backend","timestamp":"2025-10-29 03:24:19"}
{"level":"info","message":"Blockchain service initialized","service":"eduwallet-backend","timestamp":"2025-10-29 22:09:53"}
{"level":"info","message":"Blockchain service initialized","service":"eduwallet-backend","timestamp":"2025-10-29 23:34:44"}
{"level":"info","message":"Blockchain service initialized","service":"eduwallet-backend","timestamp":"2025-10-29 23:45:36"}
{"level":"info","message":"Blockchain service initialized","service":"eduwallet-backend","timestamp":"2025-10-29 23:48:48"}
{"level":"info","message":"Blockchain service initialized","service":"eduwallet-backend","timestamp":"2025-10-30 00:30:00"}
{"level":"info","message":"Blockchain service initialized","service":"eduwallet-backend","timestamp":"2025-10-30 02:15:20"}
{"level":"info","message":"Blockchain service initialized","service":"eduwallet-backend","timestamp":"2025-10-30 02:17:39"}
{"level":"info","message":"Blockchain service initialized","service":"eduwallet-backend","timestamp":"2025-10-30 02:35:53"}
{"level":"info","message":"Blockchain service initialized","service":"eduwallet-backend","timestamp":"2025-10-30 02:36:31"}
{"level":"info","message":"Blockchain service initialized","service":"eduwallet-backend","timestamp":"2025-10-30 02:38:13"}
{"level":"info","message":"Blockchain service initialized","service":"eduwallet-backend","timestamp":"2025-10-30 02:39:07"}
{"level":"info","message":"Blockchain service initialized","service":"eduwallet-backend","timestamp":"2025-10-30 02:41:40"}
{"level":"info","message":"Blockchain service initialized","service":"eduwallet-backend","timestamp":"2025-10-30 02:41:58"}
{"level":"info","message":"Blockchain service initialized","service":"eduwallet-backend","timestamp":"2025-10-30 02:44:23"}
{"level":"info","message":"Blockchain service initialized","service":"eduwallet-backend","timestamp":"2025-10-30 02:51:07"}
{"level":"info","message":"Blockchain service initialized","service":"eduwallet-backend","timestamp":"2025-10-30 02:53:55"}
{"level":"info","message":"Blockchain service initialized","service":"eduwallet-backend","timestamp":"2025-10-30 02:55:00"}
{"level":"info","message":"Blockchain service initialized","service":"eduwallet-backend","timestamp":"2025-10-30 02:56:46"}
{"level":"info","message":"Blockchain service initialized","service":"eduwallet-backend","timestamp":"2025-10-30 04:20:06"}
{"level":"info","message":"Blockchain service initialized","service":"eduwallet-backend","timestamp":"2025-10-30 04:23:01"}
{"level":"info","message":"Blockchain service initialized","service":"eduwallet-backend","timestamp":"2025-10-30 04:39:41"}
{"level":"info","message":"Blockchain service initialized","service":"eduwallet-backend","timestamp":"2025-10-30 04:43:13"}
{"level":"info","message":"Blockchain service initialized","service":"eduwallet-backend","timestamp":"2025-10-30 04:44:36"}
{"level":"info","message":"Blockchain service initialized","service":"eduwallet-backend","timestamp":"2025-10-30 04:54:26"}
{"level":"info","message":"Blockchain service initialized","service":"eduwallet-backend","timestamp":"2025-10-30 05:04:03"}
{"level":"info","message":"Blockchain service initialized","service":"eduwallet-backend","timestamp":"2025-10-30 10:44:15"}
{"level":"info","message":"Blockchain service initialized","service":"eduwallet-backend","timestamp":"2025-10-30 11:13:08"}
{"level":"info","message":"Blockchain service initialized","service":"eduwallet-backend","timestamp":"2025-10-30 11:37:47"}
{"level":"info","message":"Blockchain service initialized","service":"eduwallet-backend","timestamp":"2025-10-30 11:42:11"}
{"level":"info","message":"Blockchain service initialized","service":"eduwallet-backend","timestamp":"2025-10-30 11:43:41"}
{"level":"info","message":"Blockchain service initialized","service":"eduwallet-backend","timestamp":"2025-10-30 11:44:57"}
{"level":"info","message":"Blockchain service initialized","service":"eduwallet-backend","timestamp":"2025-10-30 11:45:41"}
{"level":"info","message":"Blockchain service initialized","service":"eduwallet-backend","timestamp":"2025-10-30 11:48:49"}
{"level":"info","message":"Blockchain service initialized","service":"eduwallet-backend","timestamp":"2025-10-30 11:49:02"}
{"level":"info","message":"Blockchain service initialized","service":"eduwallet-backend","timestamp":"2025-10-30 11:57:17"}
{"level":"info","message":"Blockchain service initialized","service":"eduwallet-backend","timestamp":"2025-10-30 12:00:39"}
{"level":"info","message":"Blockchain service initialized","service":"eduwallet-backend","timestamp":"2025-10-30 12:38:12"}
{"level":"info","message":"Blockchain service initialized","service":"eduwallet-backend","timestamp":"2025-10-30 12:38:54"}
{"level":"info","message":"Blockchain service initialized","service":"eduwallet-backend","timestamp":"2025-10-30 12:40:36"}
{"level":"info","message":"Blockchain service initialized","service":"eduwallet-backend","timestamp":"2025-10-30 13:00:45"}
{"level":"info","message":"Blockchain service initialized","service":"eduwallet-backend","timestamp":"2025-10-30 13:28:50"}
{"level":"info","message":"Blockchain service initialized","service":"eduwallet-backend","timestamp":"2025-10-30 13:31:02"}
{"level":"info","message":"Blockchain service initialized","service":"eduwallet-backend","timestamp":"2025-10-30 13:49:09"}
{"level":"info","message":"Blockchain service initialized","service":"eduwallet-backend","timestamp":"2025-10-30 13:53:48"}
{"level":"info","message":"Blockchain service initialized","service":"eduwallet-backend","timestamp":"2025-10-30 13:54:58"}
{"level":"info","message":"Blockchain service initialized","service":"eduwallet-backend","timestamp":"2025-10-30 13:56:23"}
{"level":"info","message":"Blockchain service initialized","service":"eduwallet-backend","timestamp":"2025-10-30 13:58:11"}
{"level":"info","message":"Blockchain service initialized","service":"eduwallet-backend","timestamp":"2025-10-30 14:00:20"}
{"level":"info","message":"Blockchain service initialized","service":"eduwallet-backend","timestamp":"2025-10-30 14:02:37"}
{"level":"info","message":"Blockchain service initialized","service":"eduwallet-backend","timestamp":"2025-10-30 14:04:19"}
{"level":"info","message":"Blockchain service initialized","service":"eduwallet-backend","timestamp":"2025-10-30 14:15:29"}
{"level":"info","message":"Blockchain service initialized","service":"eduwallet-backend","timestamp":"2025-10-30 14:31:38"}
{"level":"info","message":"Blockchain service initialized","service":"eduwallet-backend","timestamp":"2025-10-30 14:33:18"}
{"level":"info","message":"Blockchain service initialized","service":"eduwallet-backend","timestamp":"2025-10-30 14:50:44"}
{"level":"info","message":"Blockchain service initialized","service":"eduwallet-backend","timestamp":"2025-10-30 14:54:31"}
{"level":"info","message":"Blockchain service initialized","service":"eduwallet-backend","timestamp":"2025-10-30 14:55:56"}
{"level":"info","message":"Blockchain service initialized","service":"eduwallet-backend","timestamp":"2025-10-30 15:08:42"}
{"level":"info","message":"Blockchain service initialized","service":"eduwallet-backend","timestamp":"2025-10-30 15:10:12"}
